#
# There is insufficient memory for the Java Runtime Environment to continue.
# Native memory allocation (mmap) failed to map 4161536 bytes for G1 virtual space
# Possible reasons:
#   The system is out of physical RAM or swap space
#   The process is running with CompressedOops enabled, and the Java Heap may be blocking the growth of the native heap
# Possible solutions:
#   Reduce memory load on the system
#   Increase physical memory or swap space
#   Check if swap backing store is full
#   Decrease Java heap size (-Xmx/-Xms)
#   Decrease number of Java threads
#   Decrease Java thread stack sizes (-Xss)
#   Set larger code cache with -XX:ReservedCodeCacheSize=
#   JVM is running with Zero Based Compressed Oops mode in which the Java heap is
#     placed in the first 32GB address space. The Java Heap base address is the
#     maximum limit for the native heap growth. Please use -XX:HeapBaseMinAddress
#     to set the Java Heap base and to place the Java Heap above 32GB virtual address.
# This output file may be truncated or incomplete.
#
#  Out of Memory Error (os_windows.cpp:3617), pid=91156, tid=65380
#
# JRE version:  (17.0.8.1+1) (build )
# Java VM: OpenJDK 64-Bit Server VM (17.0.8.1+1, mixed mode, sharing, tiered, compressed oops, compressed class ptrs, g1 gc, windows-amd64)
# No core dump will be written. Minidumps are not enabled by default on client versions of Windows
#

---------------  S U M M A R Y ------------

Command Line: -Dfile.encoding=UTF-8 -Dstdout.encoding=UTF-8 -Dstderr.encoding=UTF-8 -XX:+ShowCodeDetailsInExceptionMessages pasarela.Pasarela

Host: AMD Ryzen 5 5500                               , 12 cores, 15G,  Windows 11 , 64 bit Build 22621 (10.0.22621.3374)
Time: Sun Apr 28 18:08:39 2024 Hora de verano romance elapsed time: 0.009217 seconds (0d 0h 0m 0s)

---------------  T H R E A D  ---------------

Current thread (0x000001e9db7906b0):  JavaThread "Unknown thread" [_thread_in_vm, id=65380, stack(0x0000002a2e900000,0x0000002a2ea00000)]

Stack: [0x0000002a2e900000,0x0000002a2ea00000]
Native frames: (J=compiled Java code, j=interpreted, Vv=VM code, C=native code)
V  [jvm.dll+0x678b0a]
V  [jvm.dll+0x835e84]
V  [jvm.dll+0x83762e]
V  [jvm.dll+0x837c93]
V  [jvm.dll+0x24746f]
V  [jvm.dll+0x675859]
V  [jvm.dll+0x66a0ea]
V  [jvm.dll+0x306c7b]
V  [jvm.dll+0x30e166]
V  [jvm.dll+0x35dd53]
V  [jvm.dll+0x35df6f]
V  [jvm.dll+0x2ddb48]
V  [jvm.dll+0x2deab4]
V  [jvm.dll+0x807f31]
V  [jvm.dll+0x36bb21]
V  [jvm.dll+0x7e733c]
V  [jvm.dll+0x3ee4af]
V  [jvm.dll+0x3f00c1]
C  [jli.dll+0x528b]
C  [ucrtbase.dll+0x29333]
C  [KERNEL32.DLL+0x1257d]
C  [ntdll.dll+0x5aa48]


---------------  P R O C E S S  ---------------

Threads class SMR info:
_java_thread_list=0x00007ffd1299a018, length=0, elements={
}

Java Threads: ( => current thread )

Other Threads:
  0x000001e9db8004f0 GCTaskThread "GC Thread#0" [stack: 0x0000002a2ea00000,0x0000002a2eb00000] [id=85352]
  0x000001e9db8117b0 ConcurrentGCThread "G1 Main Marker" [stack: 0x0000002a2eb00000,0x0000002a2ec00000] [id=72576]
  0x000001e9db8120d0 ConcurrentGCThread "G1 Conc#0" [stack: 0x0000002a2ec00000,0x0000002a2ed00000] [id=76992]

[error occurred during error reporting (printing all threads), id 0xc0000005, EXCEPTION_ACCESS_VIOLATION (0xc0000005) at pc=0x00007ffd1216e587]

VM state: not at safepoint (not fully initialized)

VM Mutex/Monitor currently owned by a thread:  ([mutex/lock_event])
[0x000001e9db789be0] Heap_lock - owner thread: 0x000001e9db7906b0

Heap address: 0x0000000703400000, size: 4044 MB, Compressed Oops mode: Zero based, Oop shift amount: 3

CDS archive(s) mapped at: [0x0000000000000000-0x0000000000000000-0x0000000000000000), size 0, SharedBaseAddress: 0x0000000800000000, ArchiveRelocationMode: 1.
Narrow klass base: 0x0000000000000000, Narrow klass shift: 0, Narrow klass range: 0x0

GC Precious Log:
<Empty>

Heap:
 garbage-first heap   total 0K, used 0K [0x0000000703400000, 0x0000000800000000)
  region size 2048K, 0 young (0K), 0 survivors (0K)

[error occurred during error reporting (printing heap information), id 0xc0000005, EXCEPTION_ACCESS_VIOLATION (0xc0000005) at pc=0x00007ffd12552699]

GC Heap History (0 events):
No events

Dll operation events (1 events):
Event: 0.005 Loaded shared library C:\Users\ccruz\OneDrive\Escritorio\eclipse\plugins\org.eclipse.justj.openjdk.hotspot.jre.full.win32.x86_64_17.0.8.v20230831-1047\jre\bin\java.dll

Deoptimization events (0 events):
No events

Classes unloaded (0 events):
No events

Classes redefined (0 events):
No events

Internal exceptions (0 events):
No events

VM Operations (0 events):
No events

Events (0 events):
No events


Dynamic libraries:
0x00007ff797080000 - 0x00007ff79708e000 	C:\Users\ccruz\OneDrive\Escritorio\eclipse\plugins\org.eclipse.justj.openjdk.hotspot.jre.full.win32.x86_64_17.0.8.v20230831-1047\jre\bin\javaw.exe
0x00007ffd72170000 - 0x00007ffd72386000 	C:\WINDOWS\SYSTEM32\ntdll.dll
0x00007ffd70770000 - 0x00007ffd70834000 	C:\WINDOWS\System32\KERNEL32.DLL
0x00007ffd6f530000 - 0x00007ffd6f8d7000 	C:\WINDOWS\System32\KERNELBASE.dll
0x00007ffd6fa50000 - 0x00007ffd6fb61000 	C:\WINDOWS\System32\ucrtbase.dll
0x00007ffd40300000 - 0x00007ffd40317000 	C:\Users\ccruz\OneDrive\Escritorio\eclipse\plugins\org.eclipse.justj.openjdk.hotspot.jre.full.win32.x86_64_17.0.8.v20230831-1047\jre\bin\jli.dll
0x00007ffd40320000 - 0x00007ffd40339000 	C:\Users\ccruz\OneDrive\Escritorio\eclipse\plugins\org.eclipse.justj.openjdk.hotspot.jre.full.win32.x86_64_17.0.8.v20230831-1047\jre\bin\VCRUNTIME140.dll
0x00007ffd6fe70000 - 0x00007ffd7001e000 	C:\WINDOWS\System32\USER32.dll
0x00007ffd56090000 - 0x00007ffd56323000 	C:\WINDOWS\WinSxS\amd64_microsoft.windows.common-controls_6595b64144ccf1df_6.0.22621.3235_none_270f74e173860f98\COMCTL32.dll
0x00007ffd6f460000 - 0x00007ffd6f486000 	C:\WINDOWS\System32\win32u.dll
0x00007ffd706c0000 - 0x00007ffd70767000 	C:\WINDOWS\System32\msvcrt.dll
0x00007ffd71870000 - 0x00007ffd71899000 	C:\WINDOWS\System32\GDI32.dll
0x00007ffd6fbe0000 - 0x00007ffd6fcf9000 	C:\WINDOWS\System32\gdi32full.dll
0x00007ffd6f490000 - 0x00007ffd6f52a000 	C:\WINDOWS\System32\msvcp_win.dll
0x00007ffd70680000 - 0x00007ffd706b1000 	C:\WINDOWS\System32\IMM32.DLL
0x00007ffd54380000 - 0x00007ffd5438c000 	C:\Users\ccruz\OneDrive\Escritorio\eclipse\plugins\org.eclipse.justj.openjdk.hotspot.jre.full.win32.x86_64_17.0.8.v20230831-1047\jre\bin\vcruntime140_1.dll
0x00007ffce9d00000 - 0x00007ffce9d91000 	C:\Users\ccruz\OneDrive\Escritorio\eclipse\plugins\org.eclipse.justj.openjdk.hotspot.jre.full.win32.x86_64_17.0.8.v20230831-1047\jre\bin\msvcp140.dll
0x00007ffd11e80000 - 0x00007ffd12acc000 	C:\Users\ccruz\OneDrive\Escritorio\eclipse\plugins\org.eclipse.justj.openjdk.hotspot.jre.full.win32.x86_64_17.0.8.v20230831-1047\jre\bin\server\jvm.dll
0x00007ffd70cc0000 - 0x00007ffd70d72000 	C:\WINDOWS\System32\ADVAPI32.dll
0x00007ffd705d0000 - 0x00007ffd70678000 	C:\WINDOWS\System32\sechost.dll
0x00007ffd6fd00000 - 0x00007ffd6fd28000 	C:\WINDOWS\System32\bcrypt.dll
0x00007ffd71380000 - 0x00007ffd71495000 	C:\WINDOWS\System32\RPCRT4.dll
0x00007ffd6a1f0000 - 0x00007ffd6a1f9000 	C:\WINDOWS\SYSTEM32\WSOCK32.dll
0x00007ffd66ea0000 - 0x00007ffd66ed4000 	C:\WINDOWS\SYSTEM32\WINMM.dll
0x00007ffd6ecb0000 - 0x00007ffd6ecfd000 	C:\WINDOWS\SYSTEM32\POWRPROF.dll
0x00007ffd61f50000 - 0x00007ffd61f5a000 	C:\WINDOWS\SYSTEM32\VERSION.dll
0x00007ffd71700000 - 0x00007ffd71771000 	C:\WINDOWS\System32\WS2_32.dll
0x00007ffd6ec80000 - 0x00007ffd6ec93000 	C:\WINDOWS\SYSTEM32\UMPDC.dll
0x00007ffd6e400000 - 0x00007ffd6e418000 	C:\WINDOWS\SYSTEM32\kernel.appcore.dll
0x00007ffd676a0000 - 0x00007ffd676aa000 	C:\Users\ccruz\OneDrive\Escritorio\eclipse\plugins\org.eclipse.justj.openjdk.hotspot.jre.full.win32.x86_64_17.0.8.v20230831-1047\jre\bin\jimage.dll
0x00007ffd6ce10000 - 0x00007ffd6d043000 	C:\WINDOWS\SYSTEM32\DBGHELP.DLL
0x00007ffd70e90000 - 0x00007ffd71218000 	C:\WINDOWS\System32\combase.dll
0x00007ffd70310000 - 0x00007ffd703e7000 	C:\WINDOWS\System32\OLEAUT32.dll
0x00007ffd41740000 - 0x00007ffd41772000 	C:\WINDOWS\SYSTEM32\dbgcore.DLL
0x00007ffd6fd30000 - 0x00007ffd6fda9000 	C:\WINDOWS\System32\bcryptPrimitives.dll
0x00007ffd54c60000 - 0x00007ffd54c85000 	C:\Users\ccruz\OneDrive\Escritorio\eclipse\plugins\org.eclipse.justj.openjdk.hotspot.jre.full.win32.x86_64_17.0.8.v20230831-1047\jre\bin\java.dll

dbghelp: loaded successfully - version: 4.0.5 - missing functions: none
symbol engine: initialized successfully - sym options: 0x614 - pdb path: .;C:\Users\ccruz\OneDrive\Escritorio\eclipse\plugins\org.eclipse.justj.openjdk.hotspot.jre.full.win32.x86_64_17.0.8.v20230831-1047\jre\bin;C:\WINDOWS\SYSTEM32;C:\WINDOWS\WinSxS\amd64_microsoft.windows.common-controls_6595b64144ccf1df_6.0.22621.3235_none_270f74e173860f98;C:\Users\ccruz\OneDrive\Escritorio\eclipse\plugins\org.eclipse.justj.openjdk.hotspot.jre.full.win32.x86_64_17.0.8.v20230831-1047\jre\bin\server

VM Arguments:
jvm_args: -Dfile.encoding=UTF-8 -Dstdout.encoding=UTF-8 -Dstderr.encoding=UTF-8 -XX:+ShowCodeDetailsInExceptionMessages 
java_command: pasarela.Pasarela
java_class_path (initial): C:\Users\ccruz\OneDrive\Escritorio\UMU\5ºAño\AADD\citybike\ARSO_entrega3\pasarela\target\classes;C:\Users\ccruz\.m2\repository\org\springframework\boot\spring-boot-starter-web\2.6.1\spring-boot-starter-web-2.6.1.jar;C:\Users\ccruz\.m2\repository\org\springframework\boot\spring-boot-starter\2.6.1\spring-boot-starter-2.6.1.jar;C:\Users\ccruz\.m2\repository\org\springframework\boot\spring-boot\2.6.1\spring-boot-2.6.1.jar;C:\Users\ccruz\.m2\repository\org\springframework\boot\spring-boot-autoconfigure\2.6.1\spring-boot-autoconfigure-2.6.1.jar;C:\Users\ccruz\.m2\repository\org\springframework\boot\spring-boot-starter-logging\2.6.1\spring-boot-starter-logging-2.6.1.jar;C:\Users\ccruz\.m2\repository\ch\qos\logback\logback-classic\1.2.7\logback-classic-1.2.7.jar;C:\Users\ccruz\.m2\repository\ch\qos\logback\logback-core\1.2.7\logback-core-1.2.7.jar;C:\Users\ccruz\.m2\repository\org\apache\logging\log4j\log4j-to-slf4j\2.14.1\log4j-to-slf4j-2.14.1.jar;C:\Users\ccruz\.m2\repository\org\apache\logging\log4j\log4j-api\2.14.1\log4j-api-2.14.1.jar;C:\Users\ccruz\.m2\repository\org\slf4j\jul-to-slf4j\1.7.32\jul-to-slf4j-1.7.32.jar;C:\Users\ccruz\.m2\repository\jakarta\annotation\jakarta.annotation-api\1.3.5\jakarta.annotation-api-1.3.5.jar;C:\Users\ccruz\.m2\repository\org\yaml\snakeyaml\1.29\snakeyaml-1.29.jar;C:\Users\ccruz\.m2\repository\org\springframework\boot\spring-boot-starter-json\2.6.1\spring-boot-starter-json-2.6.1.jar;C:\Users\ccruz\.m2\repository\com\fasterxml\jackson\datatype\jackson-datatype-jdk8\2.13.0\jackson-datatype-jdk8-2.13.0.jar;C:\Users\ccruz\.m2\repository\com\fasterxml\jackson\datatype\jackson-datatype-jsr310\2.13.0\jackson-datatype-jsr310-2.13.0.jar;C:\Users\ccruz\.m2\repository\com\fasterxml\jackson\module\jackson-module-parameter-names\2.13.0\jackson-module-parameter-names-2.13.0.jar;C:\Users\ccruz\.m2\repository\org\springframework\boot\spring-boot-starter-tomcat\2.6.1\spring-boot-starter-tomcat-2.6.1.jar;C:\Users\ccruz\.m2\r
Launcher Type: SUN_STANDARD

[Global flags]
     intx CICompilerCount                          = 4                                         {product} {ergonomic}
     uint ConcGCThreads                            = 3                                         {product} {ergonomic}
     uint G1ConcRefinementThreads                  = 10                                        {product} {ergonomic}
   size_t G1HeapRegionSize                         = 2097152                                   {product} {ergonomic}
    uintx GCDrainStackTargetSize                   = 64                                        {product} {ergonomic}
   size_t InitialHeapSize                          = 266338304                                 {product} {ergonomic}
   size_t MarkStackSize                            = 4194304                                   {product} {ergonomic}
   size_t MaxHeapSize                              = 4240441344                                {product} {ergonomic}
   size_t MinHeapDeltaBytes                        = 2097152                                   {product} {ergonomic}
   size_t MinHeapSize                              = 8388608                                   {product} {ergonomic}
    uintx NonNMethodCodeHeapSize                   = 5839372                                {pd product} {ergonomic}
    uintx NonProfiledCodeHeapSize                  = 122909434                              {pd product} {ergonomic}
    uintx ProfiledCodeHeapSize                     = 122909434                              {pd product} {ergonomic}
    uintx ReservedCodeCacheSize                    = 251658240                              {pd product} {ergonomic}
     bool SegmentedCodeCache                       = true                                      {product} {ergonomic}
     bool ShowCodeDetailsInExceptionMessages       = true                                   {manageable} {command line}
   size_t SoftMaxHeapSize                          = 4240441344                             {manageable} {ergonomic}
     bool UseCompressedClassPointers               = true                           {product lp64_product} {ergonomic}
     bool UseCompressedOops                        = true                           {product lp64_product} {ergonomic}
     bool UseG1GC                                  = true                                      {product} {ergonomic}
     bool UseLargePagesIndividualAllocation        = false                                  {pd product} {ergonomic}

Logging:
Log output configuration:
 #0: stdout all=warning uptime,level,tags
 #1: stderr all=off uptime,level,tags

Environment Variables:
PATH=C:/Users/ccruz/OneDrive/Escritorio/eclipse//plugins/org.eclipse.justj.openjdk.hotspot.jre.full.win32.x86_64_17.0.8.v20230831-1047/jre/bin/server;C:/Users/ccruz/OneDrive/Escritorio/eclipse//plugins/org.eclipse.justj.openjdk.hotspot.jre.full.win32.x86_64_17.0.8.v20230831-1047/jre/bin;C:\Program Files\dotnet\;C:\Program Files (x86)\Common Files\Oracle\Java\java8path;C:\Program Files (x86)\Common Files\Oracle\Java\javapath;C:\Python312\Scripts\;C:\Python312\;C:\Qt\Qt5.13.0\5.13.0\mingw73_32\bin;C:\OpenCV\OpenCV4.6.0G\bin;C:\Program Files\Eclipse Adoptium\jdk-17.0.5.8-hotspot\bin;C:\WINDOWS\system32;C:\WINDOWS;C:\WINDOWS\System32\Wbem;C:\WINDOWS\System32\WindowsPowerShell\v1.0\;C:\Program Files (x86)\dotnet\;C:\WINDOWS\System32\OpenSSH\;C:\Program Files (x86)\Bitvise SSH Client;C:\ProgramData\chocolatey\bin;C:\Program Files\nodejs\;C:\Program Files\Git\cmd;C:\Program Files\Docker\Docker\resources\bin;C:\Users\ccruz\.dotnet\tools;C:\Program Files\MySQL\MySQL Shell 8.0\bin\;C:\OpenCV\OpenCV4.6.0G\bin;C:\Qt\Qt5.13.0\5.13.0\mingw73_32\bin;C:\Users\ccruz\AppData\Local\Microsoft\WindowsApps;C:\Users\ccruz\AppData\Local\Programs\Microsoft VS Code\bin;C:\Users\ccruz\AppData\Local\GitHubDesktop\bin;C:\dev\flutter\bin;C:\Users\ccruz\AppData\Roaming\npm;;C:\Users\ccruz\OneDrive\Escritorio\eclipse;
USERNAME=ccruz
OS=Windows_NT
PROCESSOR_IDENTIFIER=AMD64 Family 25 Model 80 Stepping 0, AuthenticAMD
TMP=C:\Users\ccruz\AppData\Local\Temp
TEMP=C:\Users\ccruz\AppData\Local\Temp



---------------  S Y S T E M  ---------------

OS:
 Windows 11 , 64 bit Build 22621 (10.0.22621.3374)
OS uptime: 5 days 7:46 hours
Hyper-V role detected

CPU: total 12 (initial active 12) (12 cores per cpu, 2 threads per core) family 25 model 80 stepping 0 microcode 0x0, cx8, cmov, fxsr, ht, mmx, 3dnowpref, sse, sse2, sse3, ssse3, sse4a, sse4.1, sse4.2, popcnt, lzcnt, tsc, tscinvbit, avx, avx2, aes, erms, clmul, bmi1, bmi2, adx, sha, fma, vzeroupper, clflush, clflushopt, hv
Processor Information for all 12 processors :
  Max Mhz: 3600, Current Mhz: 3600, Mhz Limit: 3600

Memory: 4k page, system-wide physical 16169M (720M free)
TotalPageFile size 65321M (AvailPageFile size 4M)
current process WorkingSet (physical memory assigned to process): 12M, peak: 12M
current process commit charge ("private bytes"): 319M, peak: 323M

vm_info: OpenJDK 64-Bit Server VM (17.0.8.1+1) for windows-amd64 JRE (17.0.8.1+1), built on Aug 23 2023 15:29:17 by "admin" with MS VC++ 16.7 (VS2019)

END.
